<?xml version="1.0" encoding="UTF-8"?>
<testsuite name="me.shinsunyoung.springbootdeveloper.controller.BlogApiControllerTest" tests="5" skipped="0" failures="0" errors="0" timestamp="2024-04-03T07:30:28" hostname="205-" time="0.301">
  <properties/>
  <testcase name="deleteArticle: 아티클 삭제에 성공한다." classname="me.shinsunyoung.springbootdeveloper.controller.BlogApiControllerTest" time="0.121"/>
  <testcase name="findArticle: 아티클 단건 조회에 성공한다." classname="me.shinsunyoung.springbootdeveloper.controller.BlogApiControllerTest" time="0.062"/>
  <testcase name="findAllArticles: 아티클 목록 조회에 성공한다." classname="me.shinsunyoung.springbootdeveloper.controller.BlogApiControllerTest" time="0.015"/>
  <testcase name="addArticle: 아티클 추가에 성공한다." classname="me.shinsunyoung.springbootdeveloper.controller.BlogApiControllerTest" time="0.079"/>
  <testcase name="updateArticle: 아티클 수정에 성공한다." classname="me.shinsunyoung.springbootdeveloper.controller.BlogApiControllerTest" time="0.019"/>
  <system-out><![CDATA[2024-04-03T16:30:28.001+09:00  INFO 12464 --- [    Test worker] t.c.s.AnnotationConfigContextLoaderUtils : Could not detect default configuration classes for test class [me.shinsunyoung.springbootdeveloper.controller.BlogApiControllerTest]: BlogApiControllerTest does not declare any static, non-private, non-final, nested classes annotated with @Configuration.
2024-04-03T16:30:28.003+09:00  INFO 12464 --- [    Test worker] .b.t.c.SpringBootTestContextBootstrapper : Found @SpringBootConfiguration me.shinsunyoung.springbootdeveloper.SpringBootDeveloperApplication for test class me.shinsunyoung.springbootdeveloper.controller.BlogApiControllerTest
2024-04-03T16:30:28.007+09:00  INFO 12464 --- [    Test worker] o.s.b.t.m.w.SpringBootMockServletContext : Initializing Spring TestDispatcherServlet ''
2024-04-03T16:30:28.007+09:00  INFO 12464 --- [    Test worker] o.s.t.web.servlet.TestDispatcherServlet  : Initializing Servlet ''
2024-04-03T16:30:28.007+09:00  INFO 12464 --- [    Test worker] o.s.t.web.servlet.TestDispatcherServlet  : Completed initialization in 0 ms
Hibernate: 
    select
        a1_0.id,
        a1_0.author,
        a1_0.content,
        a1_0.created_at,
        a1_0.title,
        a1_0.updated_at 
    from
        article a1_0
Hibernate: 
    delete 
    from
        article 
    where
        id=?
Hibernate: 
    delete 
    from
        article 
    where
        id=?
Hibernate: 
    delete 
    from
        article 
    where
        id=?
Hibernate: 
    select
        u1_0.id,
        u1_0.email,
        u1_0.nickname,
        u1_0.password 
    from
        users u1_0
Hibernate: 
    delete 
    from
        users 
    where
        id=?
Hibernate: 
    insert 
    into
        users
        (id, email, nickname, password) 
    values
        (default, ?, ?, ?)
Hibernate: 
    insert 
    into
        article
        (id, author, content, created_at, title, updated_at) 
    values
        (default, ?, ?, ?, ?, ?)
Hibernate: 
    select
        a1_0.id,
        a1_0.author,
        a1_0.content,
        a1_0.created_at,
        a1_0.title,
        a1_0.updated_at 
    from
        article a1_0 
    where
        a1_0.id=?
Hibernate: 
    delete 
    from
        article 
    where
        id=?
Hibernate: 
    select
        a1_0.id,
        a1_0.author,
        a1_0.content,
        a1_0.created_at,
        a1_0.title,
        a1_0.updated_at 
    from
        article a1_0
2024-04-03T16:30:28.130+09:00  INFO 12464 --- [    Test worker] o.s.b.t.m.w.SpringBootMockServletContext : Initializing Spring TestDispatcherServlet ''
2024-04-03T16:30:28.131+09:00  INFO 12464 --- [    Test worker] o.s.t.web.servlet.TestDispatcherServlet  : Initializing Servlet ''
2024-04-03T16:30:28.131+09:00  INFO 12464 --- [    Test worker] o.s.t.web.servlet.TestDispatcherServlet  : Completed initialization in 0 ms
Hibernate: 
    select
        a1_0.id,
        a1_0.author,
        a1_0.content,
        a1_0.created_at,
        a1_0.title,
        a1_0.updated_at 
    from
        article a1_0
Hibernate: 
    select
        u1_0.id,
        u1_0.email,
        u1_0.nickname,
        u1_0.password 
    from
        users u1_0
Hibernate: 
    delete 
    from
        users 
    where
        id=?
Hibernate: 
    insert 
    into
        users
        (id, email, nickname, password) 
    values
        (default, ?, ?, ?)
Hibernate: 
    insert 
    into
        article
        (id, author, content, created_at, title, updated_at) 
    values
        (default, ?, ?, ?, ?, ?)
Hibernate: 
    select
        a1_0.id,
        a1_0.author,
        a1_0.content,
        a1_0.created_at,
        a1_0.title,
        a1_0.updated_at 
    from
        article a1_0 
    where
        a1_0.id=?
2024-04-03T16:30:28.192+09:00  INFO 12464 --- [    Test worker] o.s.b.t.m.w.SpringBootMockServletContext : Initializing Spring TestDispatcherServlet ''
2024-04-03T16:30:28.192+09:00  INFO 12464 --- [    Test worker] o.s.t.web.servlet.TestDispatcherServlet  : Initializing Servlet ''
2024-04-03T16:30:28.193+09:00  INFO 12464 --- [    Test worker] o.s.t.web.servlet.TestDispatcherServlet  : Completed initialization in 1 ms
Hibernate: 
    select
        a1_0.id,
        a1_0.author,
        a1_0.content,
        a1_0.created_at,
        a1_0.title,
        a1_0.updated_at 
    from
        article a1_0
Hibernate: 
    delete 
    from
        article 
    where
        id=?
Hibernate: 
    select
        u1_0.id,
        u1_0.email,
        u1_0.nickname,
        u1_0.password 
    from
        users u1_0
Hibernate: 
    delete 
    from
        users 
    where
        id=?
Hibernate: 
    insert 
    into
        users
        (id, email, nickname, password) 
    values
        (default, ?, ?, ?)
Hibernate: 
    insert 
    into
        article
        (id, author, content, created_at, title, updated_at) 
    values
        (default, ?, ?, ?, ?, ?)
Hibernate: 
    select
        a1_0.id,
        a1_0.author,
        a1_0.content,
        a1_0.created_at,
        a1_0.title,
        a1_0.updated_at 
    from
        article a1_0
2024-04-03T16:30:28.208+09:00  INFO 12464 --- [    Test worker] o.s.b.t.m.w.SpringBootMockServletContext : Initializing Spring TestDispatcherServlet ''
2024-04-03T16:30:28.208+09:00  INFO 12464 --- [    Test worker] o.s.t.web.servlet.TestDispatcherServlet  : Initializing Servlet ''
2024-04-03T16:30:28.209+09:00  INFO 12464 --- [    Test worker] o.s.t.web.servlet.TestDispatcherServlet  : Completed initialization in 1 ms
Hibernate: 
    select
        a1_0.id,
        a1_0.author,
        a1_0.content,
        a1_0.created_at,
        a1_0.title,
        a1_0.updated_at 
    from
        article a1_0
Hibernate: 
    delete 
    from
        article 
    where
        id=?
Hibernate: 
    select
        u1_0.id,
        u1_0.email,
        u1_0.nickname,
        u1_0.password 
    from
        users u1_0
Hibernate: 
    delete 
    from
        users 
    where
        id=?
Hibernate: 
    insert 
    into
        users
        (id, email, nickname, password) 
    values
        (default, ?, ?, ?)
Hibernate: 
    insert 
    into
        article
        (id, author, content, created_at, title, updated_at) 
    values
        (default, ?, ?, ?, ?, ?)
Hibernate: 
    select
        a1_0.id,
        a1_0.author,
        a1_0.content,
        a1_0.created_at,
        a1_0.title,
        a1_0.updated_at 
    from
        article a1_0
2024-04-03T16:30:28.289+09:00  INFO 12464 --- [    Test worker] o.s.b.t.m.w.SpringBootMockServletContext : Initializing Spring TestDispatcherServlet ''
2024-04-03T16:30:28.289+09:00  INFO 12464 --- [    Test worker] o.s.t.web.servlet.TestDispatcherServlet  : Initializing Servlet ''
2024-04-03T16:30:28.289+09:00  INFO 12464 --- [    Test worker] o.s.t.web.servlet.TestDispatcherServlet  : Completed initialization in 0 ms
Hibernate: 
    select
        a1_0.id,
        a1_0.author,
        a1_0.content,
        a1_0.created_at,
        a1_0.title,
        a1_0.updated_at 
    from
        article a1_0
Hibernate: 
    delete 
    from
        article 
    where
        id=?
Hibernate: 
    select
        u1_0.id,
        u1_0.email,
        u1_0.nickname,
        u1_0.password 
    from
        users u1_0
Hibernate: 
    delete 
    from
        users 
    where
        id=?
Hibernate: 
    insert 
    into
        users
        (id, email, nickname, password) 
    values
        (default, ?, ?, ?)
Hibernate: 
    insert 
    into
        article
        (id, author, content, created_at, title, updated_at) 
    values
        (default, ?, ?, ?, ?, ?)
Hibernate: 
    select
        a1_0.id,
        a1_0.author,
        a1_0.content,
        a1_0.created_at,
        a1_0.title,
        a1_0.updated_at 
    from
        article a1_0 
    where
        a1_0.id=?
Hibernate: 
    update
        article 
    set
        author=?,
        content=?,
        created_at=?,
        title=?,
        updated_at=? 
    where
        id=?
Hibernate: 
    select
        a1_0.id,
        a1_0.author,
        a1_0.content,
        a1_0.created_at,
        a1_0.title,
        a1_0.updated_at 
    from
        article a1_0 
    where
        a1_0.id=?
]]></system-out>
  <system-err><![CDATA[]]></system-err>
</testsuite>
